<?xml version="1.0" encoding="UTF-8"?>
<!-- Generated by org.testng.reporters.JUnitXMLReporter -->
<testsuite hostname="DESKTOP-FG4NO16" ignored="0" name="Default test" tests="1" failures="0" timestamp="2021-03-14T16:28:37 IST" time="2.716" errors="0">
  <testcase name="@BeforeClass setup" time="2.646" classname="com.sgtesting.pages.BaseClass">
    <failure type="org.openqa.selenium.SessionNotCreatedException" message="session not created: This version of ChromeDriver only supports Chrome version 87
Current browser version is 89.0.4389.82 with binary path C:\Program Files (x86)\Google\Chrome\Application\chrome.exe
Build info: version: &amp;apos;3.141.59&amp;apos;, revision: &amp;apos;e82be7d358&amp;apos;, time: &amp;apos;2018-11-14T08:17:03&amp;apos;
System info: host: &amp;apos;DESKTOP-FG4NO16&amp;apos;, ip: &amp;apos;192.168.43.163&amp;apos;, os.name: &amp;apos;Windows 10&amp;apos;, os.arch: &amp;apos;amd64&amp;apos;, os.version: &amp;apos;10.0&amp;apos;, java.version: &amp;apos;1.8.0_271&amp;apos;
Driver info: driver.version: ChromeDriver
remote stacktrace: Backtrace:
	Ordinal0 [0x009EC0C3+3326147]
	Ordinal0 [0x008D0851+2164817]
	Ordinal0 [0x00757298+619160]
	Ordinal0 [0x006D1D92+73106]
	Ordinal0 [0x006CE119+57625]
	Ordinal0 [0x006CC38A+50058]
	Ordinal0 [0x006F5F3E+220990]
	Ordinal0 [0x006F5CAC+220332]
	Ordinal0 [0x006F189B+202907]
	Ordinal0 [0x006D3DF4+81396]
	Ordinal0 [0x006D4DEE+85486]
	Ordinal0 [0x006D4D79+85369]
	Ordinal0 [0x008E85DC+2262492]
	GetHandleVerifier [0x00B72874+1487204]
	GetHandleVerifier [0x00B723CD+1486013]
	GetHandleVerifier [0x00B7A368+1518680]
	GetHandleVerifier [0x00B72F4E+1488958]
	Ordinal0 [0x008DED0D+2223373]
	Ordinal0 [0x008EA12B+2269483]
	Ordinal0 [0x008EA26F+2269807]
	Ordinal0 [0x008FECB8+2354360]
	BaseThreadInitThunk [0x7701FA29+25]
	RtlGetAppContainerNamedObjectPath [0x773276B4+228]
	RtlGetAppContainerNamedObjectPath [0x77327684+180]
">
      <![CDATA[org.openqa.selenium.SessionNotCreatedException: session not created: This version of ChromeDriver only supports Chrome version 87
Current browser version is 89.0.4389.82 with binary path C:\Program Files (x86)\Google\Chrome\Application\chrome.exe
Build info: version: '3.141.59', revision: 'e82be7d358', time: '2018-11-14T08:17:03'
System info: host: 'DESKTOP-FG4NO16', ip: '192.168.43.163', os.name: 'Windows 10', os.arch: 'amd64', os.version: '10.0', java.version: '1.8.0_271'
Driver info: driver.version: ChromeDriver
remote stacktrace: Backtrace:
Ordinal0 [0x009EC0C3+3326147]
Ordinal0 [0x008D0851+2164817]
Ordinal0 [0x00757298+619160]
Ordinal0 [0x006D1D92+73106]
Ordinal0 [0x006CE119+57625]
Ordinal0 [0x006CC38A+50058]
Ordinal0 [0x006F5F3E+220990]
Ordinal0 [0x006F5CAC+220332]
Ordinal0 [0x006F189B+202907]
Ordinal0 [0x006D3DF4+81396]
Ordinal0 [0x006D4DEE+85486]
Ordinal0 [0x006D4D79+85369]
Ordinal0 [0x008E85DC+2262492]
GetHandleVerifier [0x00B72874+1487204]
GetHandleVerifier [0x00B723CD+1486013]
GetHandleVerifier [0x00B7A368+1518680]
GetHandleVerifier [0x00B72F4E+1488958]
Ordinal0 [0x008DED0D+2223373]
Ordinal0 [0x008EA12B+2269483]
Ordinal0 [0x008EA26F+2269807]
Ordinal0 [0x008FECB8+2354360]
BaseThreadInitThunk [0x7701FA29+25]
RtlGetAppContainerNamedObjectPath [0x773276B4+228]
RtlGetAppContainerNamedObjectPath [0x77327684+180]

at sun.reflect.NativeConstructorAccessorImpl.newInstance0(Native Method)
at sun.reflect.NativeConstructorAccessorImpl.newInstance(Unknown Source)
at sun.reflect.DelegatingConstructorAccessorImpl.newInstance(Unknown Source)
at java.lang.reflect.Constructor.newInstance(Unknown Source)
at org.openqa.selenium.remote.W3CHandshakeResponse.lambda$errorHandler$0(W3CHandshakeResponse.java:62)
at org.openqa.selenium.remote.HandshakeResponse.lambda$getResponseFunction$0(HandshakeResponse.java:30)
at org.openqa.selenium.remote.ProtocolHandshake.lambda$createSession$0(ProtocolHandshake.java:126)
at java.util.stream.ReferencePipeline$3$1.accept(Unknown Source)
at java.util.Spliterators$ArraySpliterator.tryAdvance(Unknown Source)
at java.util.stream.ReferencePipeline.forEachWithCancel(Unknown Source)
at java.util.stream.AbstractPipeline.copyIntoWithCancel(Unknown Source)
at java.util.stream.AbstractPipeline.copyInto(Unknown Source)
at java.util.stream.AbstractPipeline.wrapAndCopyInto(Unknown Source)
at java.util.stream.FindOps$FindOp.evaluateSequential(Unknown Source)
at java.util.stream.AbstractPipeline.evaluate(Unknown Source)
at java.util.stream.ReferencePipeline.findFirst(Unknown Source)
at org.openqa.selenium.remote.ProtocolHandshake.createSession(ProtocolHandshake.java:128)
at org.openqa.selenium.remote.ProtocolHandshake.createSession(ProtocolHandshake.java:74)
at org.openqa.selenium.remote.HttpCommandExecutor.execute(HttpCommandExecutor.java:136)
at org.openqa.selenium.remote.service.DriverCommandExecutor.execute(DriverCommandExecutor.java:83)
at org.openqa.selenium.remote.RemoteWebDriver.execute(RemoteWebDriver.java:552)
at org.openqa.selenium.remote.RemoteWebDriver.startSession(RemoteWebDriver.java:213)
at org.openqa.selenium.remote.RemoteWebDriver.<init>(RemoteWebDriver.java:131)
at org.openqa.selenium.chrome.ChromeDriver.<init>(ChromeDriver.java:181)
at org.openqa.selenium.chrome.ChromeDriver.<init>(ChromeDriver.java:168)
at org.openqa.selenium.chrome.ChromeDriver.<init>(ChromeDriver.java:123)
at com.sgtesting.utility.BrowserFactory.startApplication(BrowserFactory.java:20)
at com.sgtesting.pages.BaseClass.setup(BaseClass.java:18)
at sun.reflect.NativeMethodAccessorImpl.invoke0(Native Method)
at sun.reflect.NativeMethodAccessorImpl.invoke(Unknown Source)
at sun.reflect.DelegatingMethodAccessorImpl.invoke(Unknown Source)
at java.lang.reflect.Method.invoke(Unknown Source)
at org.testng.internal.MethodInvocationHelper.invokeMethod(MethodInvocationHelper.java:132)
at org.testng.internal.MethodInvocationHelper.invokeMethodConsideringTimeout(MethodInvocationHelper.java:61)
at org.testng.internal.ConfigInvoker.invokeConfigurationMethod(ConfigInvoker.java:366)
at org.testng.internal.ConfigInvoker.invokeConfigurations(ConfigInvoker.java:320)
at org.testng.internal.TestMethodWorker.invokeBeforeClassMethods(TestMethodWorker.java:176)
at org.testng.internal.TestMethodWorker.run(TestMethodWorker.java:122)
at java.util.ArrayList.forEach(Unknown Source)
at org.testng.TestRunner.privateRun(TestRunner.java:764)
at org.testng.TestRunner.run(TestRunner.java:585)
at org.testng.SuiteRunner.runTest(SuiteRunner.java:384)
at org.testng.SuiteRunner.runSequentially(SuiteRunner.java:378)
at org.testng.SuiteRunner.privateRun(SuiteRunner.java:337)
at org.testng.SuiteRunner.run(SuiteRunner.java:286)
at org.testng.SuiteRunnerWorker.runSuite(SuiteRunnerWorker.java:53)
at org.testng.SuiteRunnerWorker.run(SuiteRunnerWorker.java:96)
at org.testng.TestNG.runSuitesSequentially(TestNG.java:1218)
at org.testng.TestNG.runSuitesLocally(TestNG.java:1140)
at org.testng.TestNG.runSuites(TestNG.java:1069)
at org.testng.TestNG.run(TestNG.java:1037)
at org.testng.remote.AbstractRemoteTestNG.run(AbstractRemoteTestNG.java:115)
at org.testng.remote.RemoteTestNG.initAndRun(RemoteTestNG.java:251)
at org.testng.remote.RemoteTestNG.main(RemoteTestNG.java:77)
]]>
    </failure>
  </testcase> <!-- @BeforeClass setup -->
  <testcase name="@AfterClass tearDown" time="-1.615719517174E9" classname="com.sgtesting.pages.BaseClass">
    <skipped/>
  </testcase> <!-- @AfterClass tearDown -->
  <testcase name="LoginApp" time="0.0" classname="com.sgtesting.testcase.LoginTestCRM">
    <skipped/>
  </testcase> <!-- LoginApp -->
</testsuite> <!-- Default test -->
